<?xml version="1.0" encoding="UTF-8"?>
<!-- Generated by org.testng.reporters.JUnitXMLReporter -->
<testsuite ignored="0" hostname="KGNLP" failures="1" tests="5" name="regression2" time="123.655" errors="0" timestamp="2022-05-18T12:05:24 CDT">
  <testcase classname="com.salesforce.test.SFDCLogin" name="checkRememberMe" time="17.965">
    <failure type="org.openqa.selenium.StaleElementReferenceException" message="The element reference of [object String] &amp;quot;{\&amp;quot;element-6066-11e4-a52e-4f735466cecf\&amp;quot;:\&amp;quot;596d3735-1d66-4494-9b31-af83bb9b80df\&amp;quot;}&amp;quot; is stale; either the element is no longer attached to the DOM, it is not in the current frame context, or the document has been refreshed
For documentation on this error, please visit: https://www.seleniumhq.org/exceptions/stale_element_reference.html
Build info: version: &amp;apos;3.141.59&amp;apos;, revision: &amp;apos;e82be7d358&amp;apos;, time: &amp;apos;2018-11-14T08:17:03&amp;apos;
System info: host: &amp;apos;KGNLP&amp;apos;, ip: &amp;apos;10.0.0.216&amp;apos;, os.name: &amp;apos;Windows 10&amp;apos;, os.arch: &amp;apos;amd64&amp;apos;, os.version: &amp;apos;10.0&amp;apos;, java.version: &amp;apos;17.0.2&amp;apos;
Driver info: org.openqa.selenium.firefox.FirefoxDriver
Capabilities {acceptInsecureCerts: true, browserName: firefox, browserVersion: 100.0.1, javascriptEnabled: true, moz:accessibilityChecks: false, moz:buildID: 20220513165813, moz:geckodriverVersion: 0.31.0, moz:headless: false, moz:processID: 17728, moz:profile: C:\Users\kiran\AppData\Loca..., moz:shutdownTimeout: 60000, moz:useNonSpecCompliantPointerOrigin: false, moz:webdriverClick: true, pageLoadStrategy: normal, platform: WINDOWS, platformName: WINDOWS, platformVersion: 10.0, proxy: Proxy(), setWindowRect: true, strictFileInteractability: false, timeouts: {implicit: 0, pageLoad: 300000, script: 30000}, unhandledPromptBehavior: dismiss and notify}
Session ID: 1301b8d4-6ae8-453a-859b-e1f5c73389a5">
      <![CDATA[org.openqa.selenium.StaleElementReferenceException: The element reference of [object String] "{\"element-6066-11e4-a52e-4f735466cecf\":\"596d3735-1d66-4494-9b31-af83bb9b80df\"}" is stale; either the element is no longer attached to the DOM, it is not in the current frame context, or the document has been refreshed
For documentation on this error, please visit: https://www.seleniumhq.org/exceptions/stale_element_reference.html
Build info: version: '3.141.59', revision: 'e82be7d358', time: '2018-11-14T08:17:03'
System info: host: 'KGNLP', ip: '10.0.0.216', os.name: 'Windows 10', os.arch: 'amd64', os.version: '10.0', java.version: '17.0.2'
Driver info: org.openqa.selenium.firefox.FirefoxDriver
Capabilities {acceptInsecureCerts: true, browserName: firefox, browserVersion: 100.0.1, javascriptEnabled: true, moz:accessibilityChecks: false, moz:buildID: 20220513165813, moz:geckodriverVersion: 0.31.0, moz:headless: false, moz:processID: 17728, moz:profile: C:\Users\kiran\AppData\Loca..., moz:shutdownTimeout: 60000, moz:useNonSpecCompliantPointerOrigin: false, moz:webdriverClick: true, pageLoadStrategy: normal, platform: WINDOWS, platformName: WINDOWS, platformVersion: 10.0, proxy: Proxy(), setWindowRect: true, strictFileInteractability: false, timeouts: {implicit: 0, pageLoad: 300000, script: 30000}, unhandledPromptBehavior: dismiss and notify}
Session ID: 1301b8d4-6ae8-453a-859b-e1f5c73389a5
at org.openqa.selenium.remote.http.W3CHttpResponseCodec.createException(W3CHttpResponseCodec.java:187)
at org.openqa.selenium.remote.http.W3CHttpResponseCodec.decode(W3CHttpResponseCodec.java:122)
at org.openqa.selenium.remote.http.W3CHttpResponseCodec.decode(W3CHttpResponseCodec.java:49)
at org.openqa.selenium.remote.HttpCommandExecutor.execute(HttpCommandExecutor.java:158)
at org.openqa.selenium.remote.service.DriverCommandExecutor.execute(DriverCommandExecutor.java:83)
at org.openqa.selenium.remote.RemoteWebDriver.execute(RemoteWebDriver.java:552)
at org.openqa.selenium.remote.RemoteWebElement.execute(RemoteWebElement.java:285)
at org.openqa.selenium.remote.RemoteWebElement.isDisplayed(RemoteWebElement.java:326)
at org.openqa.selenium.support.ui.ExpectedConditions.elementIfVisible(ExpectedConditions.java:314)
at org.openqa.selenium.support.ui.ExpectedConditions.access$000(ExpectedConditions.java:43)
at org.openqa.selenium.support.ui.ExpectedConditions$10.apply(ExpectedConditions.java:300)
at org.openqa.selenium.support.ui.ExpectedConditions$10.apply(ExpectedConditions.java:297)
at org.openqa.selenium.support.ui.FluentWait.until(FluentWait.java:249)
at com.salesforce.base.BaseTest.waitUntilVisible(BaseTest.java:98)
at com.salesforce.pages.login.Login.checkUsernameRemember(Login.java:81)
at com.salesforce.test.SFDCLogin.checkRememberMe(SFDCLogin.java:35)
at java.base/java.util.ArrayList.forEach(ArrayList.java:1511)
at java.base/java.util.concurrent.FutureTask.run(FutureTask.java:264)
at java.base/java.util.concurrent.ThreadPoolExecutor.runWorker(ThreadPoolExecutor.java:1136)
at java.base/java.util.concurrent.ThreadPoolExecutor$Worker.run(ThreadPoolExecutor.java:635)
at java.base/java.lang.Thread.run(Thread.java:833)
... Removed 23 stack frames]]>
    </failure>
  </testcase> <!-- checkRememberMe -->
  <testcase classname="com.salesforce.test.SFDCLogin" name="emptyPasswordError" time="0.988"/>
  <testcase classname="com.salesforce.test.SFDCLogin" name="forgotPassword" time="3.587"/>
  <testcase classname="com.salesforce.test.SFDCLogin" name="loginErrorMessage" time="1.02"/>
  <testcase classname="com.salesforce.test.SFDCLogin" name="loginToSFDC" time="3.253"/>
</testsuite> <!-- regression2 -->
