<?xml version="1.0" encoding="UTF-8"?>
<testng-results ignored="0" total="5" passed="4" failed="1" skipped="0">
  <reporter-output>
  </reporter-output>
  <suite started-at="2022-05-18T12:03:20 CDT" name="Suite" finished-at="2022-05-18T12:05:24 CDT" duration-ms="123655">
    <groups>
    </groups>
    <test started-at="2022-05-18T12:03:20 CDT" name="regression2" finished-at="2022-05-18T12:05:24 CDT" duration-ms="123655">
      <class name="com.salesforce.test.SFDCLogin">
        <test-method is-config="true" signature="initialTestSetup()[pri:0, instance:com.salesforce.test.SFDCLogin@1bd4fdd]" started-at="2022-05-18T12:03:20 CDT" name="initialTestSetup" finished-at="2022-05-18T12:03:20 CDT" duration-ms="32" status="PASS">
          <reporter-output>
          </reporter-output>
        </test-method> <!-- initialTestSetup -->
        <test-method is-config="true" signature="setUp(java.lang.String)[pri:0, instance:com.salesforce.test.SFDCLogin@1bd4fdd]" started-at="2022-05-18T12:03:20 CDT" name="setUp" finished-at="2022-05-18T12:03:38 CDT" duration-ms="17643" status="PASS">
          <params>
            <param index="0">
              <value>
                <![CDATA[firefox]]>
              </value>
            </param>
          </params>
          <reporter-output>
          </reporter-output>
        </test-method> <!-- setUp -->
        <test-method signature="checkRememberMe()[pri:0, instance:com.salesforce.test.SFDCLogin@1bd4fdd]" started-at="2022-05-18T12:03:38 CDT" name="checkRememberMe" finished-at="2022-05-18T12:03:56 CDT" duration-ms="17965" status="FAIL">
          <exception class="org.openqa.selenium.StaleElementReferenceException">
            <message>
              <![CDATA[The element reference of [object String] "{\"element-6066-11e4-a52e-4f735466cecf\":\"596d3735-1d66-4494-9b31-af83bb9b80df\"}" is stale; either the element is no longer attached to the DOM, it is not in the current frame context, or the document has been refreshed
For documentation on this error, please visit: https://www.seleniumhq.org/exceptions/stale_element_reference.html
Build info: version: '3.141.59', revision: 'e82be7d358', time: '2018-11-14T08:17:03'
System info: host: 'KGNLP', ip: '10.0.0.216', os.name: 'Windows 10', os.arch: 'amd64', os.version: '10.0', java.version: '17.0.2'
Driver info: org.openqa.selenium.firefox.FirefoxDriver
Capabilities {acceptInsecureCerts: true, browserName: firefox, browserVersion: 100.0.1, javascriptEnabled: true, moz:accessibilityChecks: false, moz:buildID: 20220513165813, moz:geckodriverVersion: 0.31.0, moz:headless: false, moz:processID: 17728, moz:profile: C:\Users\kiran\AppData\Loca..., moz:shutdownTimeout: 60000, moz:useNonSpecCompliantPointerOrigin: false, moz:webdriverClick: true, pageLoadStrategy: normal, platform: WINDOWS, platformName: WINDOWS, platformVersion: 10.0, proxy: Proxy(), setWindowRect: true, strictFileInteractability: false, timeouts: {implicit: 0, pageLoad: 300000, script: 30000}, unhandledPromptBehavior: dismiss and notify}
Session ID: 1301b8d4-6ae8-453a-859b-e1f5c73389a5]]>
            </message>
            <full-stacktrace>
              <![CDATA[org.openqa.selenium.StaleElementReferenceException: The element reference of [object String] "{\"element-6066-11e4-a52e-4f735466cecf\":\"596d3735-1d66-4494-9b31-af83bb9b80df\"}" is stale; either the element is no longer attached to the DOM, it is not in the current frame context, or the document has been refreshed
For documentation on this error, please visit: https://www.seleniumhq.org/exceptions/stale_element_reference.html
Build info: version: '3.141.59', revision: 'e82be7d358', time: '2018-11-14T08:17:03'
System info: host: 'KGNLP', ip: '10.0.0.216', os.name: 'Windows 10', os.arch: 'amd64', os.version: '10.0', java.version: '17.0.2'
Driver info: org.openqa.selenium.firefox.FirefoxDriver
Capabilities {acceptInsecureCerts: true, browserName: firefox, browserVersion: 100.0.1, javascriptEnabled: true, moz:accessibilityChecks: false, moz:buildID: 20220513165813, moz:geckodriverVersion: 0.31.0, moz:headless: false, moz:processID: 17728, moz:profile: C:\Users\kiran\AppData\Loca..., moz:shutdownTimeout: 60000, moz:useNonSpecCompliantPointerOrigin: false, moz:webdriverClick: true, pageLoadStrategy: normal, platform: WINDOWS, platformName: WINDOWS, platformVersion: 10.0, proxy: Proxy(), setWindowRect: true, strictFileInteractability: false, timeouts: {implicit: 0, pageLoad: 300000, script: 30000}, unhandledPromptBehavior: dismiss and notify}
Session ID: 1301b8d4-6ae8-453a-859b-e1f5c73389a5
at java.base/jdk.internal.reflect.NativeConstructorAccessorImpl.newInstance0(Native Method)
at java.base/jdk.internal.reflect.NativeConstructorAccessorImpl.newInstance(NativeConstructorAccessorImpl.java:77)
at java.base/jdk.internal.reflect.DelegatingConstructorAccessorImpl.newInstance(DelegatingConstructorAccessorImpl.java:45)
at java.base/java.lang.reflect.Constructor.newInstanceWithCaller(Constructor.java:499)
at java.base/java.lang.reflect.Constructor.newInstance(Constructor.java:480)
at org.openqa.selenium.remote.http.W3CHttpResponseCodec.createException(W3CHttpResponseCodec.java:187)
at org.openqa.selenium.remote.http.W3CHttpResponseCodec.decode(W3CHttpResponseCodec.java:122)
at org.openqa.selenium.remote.http.W3CHttpResponseCodec.decode(W3CHttpResponseCodec.java:49)
at org.openqa.selenium.remote.HttpCommandExecutor.execute(HttpCommandExecutor.java:158)
at org.openqa.selenium.remote.service.DriverCommandExecutor.execute(DriverCommandExecutor.java:83)
at org.openqa.selenium.remote.RemoteWebDriver.execute(RemoteWebDriver.java:552)
at org.openqa.selenium.remote.RemoteWebElement.execute(RemoteWebElement.java:285)
at org.openqa.selenium.remote.RemoteWebElement.isDisplayed(RemoteWebElement.java:326)
at org.openqa.selenium.support.ui.ExpectedConditions.elementIfVisible(ExpectedConditions.java:314)
at org.openqa.selenium.support.ui.ExpectedConditions.access$000(ExpectedConditions.java:43)
at org.openqa.selenium.support.ui.ExpectedConditions$10.apply(ExpectedConditions.java:300)
at org.openqa.selenium.support.ui.ExpectedConditions$10.apply(ExpectedConditions.java:297)
at org.openqa.selenium.support.ui.FluentWait.until(FluentWait.java:249)
at com.salesforce.base.BaseTest.waitUntilVisible(BaseTest.java:98)
at com.salesforce.pages.login.Login.checkUsernameRemember(Login.java:81)
at com.salesforce.test.SFDCLogin.checkRememberMe(SFDCLogin.java:35)
at java.base/jdk.internal.reflect.NativeMethodAccessorImpl.invoke0(Native Method)
at java.base/jdk.internal.reflect.NativeMethodAccessorImpl.invoke(NativeMethodAccessorImpl.java:77)
at java.base/jdk.internal.reflect.DelegatingMethodAccessorImpl.invoke(DelegatingMethodAccessorImpl.java:43)
at java.base/java.lang.reflect.Method.invoke(Method.java:568)
at org.testng.internal.invokers.MethodInvocationHelper.invokeMethod(MethodInvocationHelper.java:135)
at org.testng.internal.invokers.TestInvoker.invokeMethod(TestInvoker.java:673)
at org.testng.internal.invokers.TestInvoker.invokeTestMethod(TestInvoker.java:220)
at org.testng.internal.invokers.MethodRunner.runInSequence(MethodRunner.java:50)
at org.testng.internal.invokers.TestInvoker$MethodInvocationAgent.invoke(TestInvoker.java:945)
at org.testng.internal.invokers.TestInvoker.invokeTestMethods(TestInvoker.java:193)
at org.testng.internal.invokers.TestMethodWorker.invokeTestMethods(TestMethodWorker.java:146)
at org.testng.internal.invokers.TestMethodWorker.run(TestMethodWorker.java:128)
at java.base/java.util.ArrayList.forEach(ArrayList.java:1511)
at org.testng.TestRunner.privateRun(TestRunner.java:808)
at org.testng.TestRunner.run(TestRunner.java:603)
at org.testng.SuiteRunner.runTest(SuiteRunner.java:429)
at org.testng.SuiteRunner.access$000(SuiteRunner.java:32)
at org.testng.SuiteRunner$SuiteWorker.run(SuiteRunner.java:467)
at org.testng.internal.thread.ThreadUtil.lambda$execute$0(ThreadUtil.java:58)
at java.base/java.util.concurrent.FutureTask.run(FutureTask.java:264)
at java.base/java.util.concurrent.ThreadPoolExecutor.runWorker(ThreadPoolExecutor.java:1136)
at java.base/java.util.concurrent.ThreadPoolExecutor$Worker.run(ThreadPoolExecutor.java:635)
at java.base/java.lang.Thread.run(Thread.java:833)
]]>
            </full-stacktrace>
          </exception> <!-- org.openqa.selenium.StaleElementReferenceException -->
          <reporter-output>
          </reporter-output>
        </test-method> <!-- checkRememberMe -->
        <test-method is-config="true" signature="tearDown()[pri:0, instance:com.salesforce.test.SFDCLogin@1bd4fdd]" started-at="2022-05-18T12:03:58 CDT" name="tearDown" finished-at="2022-05-18T12:04:06 CDT" duration-ms="7983" status="PASS">
          <reporter-output>
          </reporter-output>
        </test-method> <!-- tearDown -->
        <test-method is-config="true" signature="setUp(java.lang.String)[pri:0, instance:com.salesforce.test.SFDCLogin@1bd4fdd]" started-at="2022-05-18T12:04:06 CDT" name="setUp" finished-at="2022-05-18T12:04:19 CDT" duration-ms="12736" status="PASS">
          <params>
            <param index="0">
              <value>
                <![CDATA[firefox]]>
              </value>
            </param>
          </params>
          <reporter-output>
          </reporter-output>
        </test-method> <!-- setUp -->
        <test-method signature="emptyPasswordError()[pri:0, instance:com.salesforce.test.SFDCLogin@1bd4fdd]" started-at="2022-05-18T12:04:19 CDT" name="emptyPasswordError" finished-at="2022-05-18T12:04:20 CDT" duration-ms="988" status="PASS">
          <reporter-output>
          </reporter-output>
        </test-method> <!-- emptyPasswordError -->
        <test-method is-config="true" signature="tearDown()[pri:0, instance:com.salesforce.test.SFDCLogin@1bd4fdd]" started-at="2022-05-18T12:04:20 CDT" name="tearDown" finished-at="2022-05-18T12:04:24 CDT" duration-ms="3972" status="PASS">
          <reporter-output>
          </reporter-output>
        </test-method> <!-- tearDown -->
        <test-method is-config="true" signature="setUp(java.lang.String)[pri:0, instance:com.salesforce.test.SFDCLogin@1bd4fdd]" started-at="2022-05-18T12:04:24 CDT" name="setUp" finished-at="2022-05-18T12:04:36 CDT" duration-ms="12316" status="PASS">
          <params>
            <param index="0">
              <value>
                <![CDATA[firefox]]>
              </value>
            </param>
          </params>
          <reporter-output>
          </reporter-output>
        </test-method> <!-- setUp -->
        <test-method signature="forgotPassword()[pri:0, instance:com.salesforce.test.SFDCLogin@1bd4fdd]" started-at="2022-05-18T12:04:36 CDT" name="forgotPassword" finished-at="2022-05-18T12:04:40 CDT" duration-ms="3587" status="PASS">
          <reporter-output>
          </reporter-output>
        </test-method> <!-- forgotPassword -->
        <test-method is-config="true" signature="tearDown()[pri:0, instance:com.salesforce.test.SFDCLogin@1bd4fdd]" started-at="2022-05-18T12:04:40 CDT" name="tearDown" finished-at="2022-05-18T12:04:50 CDT" duration-ms="9916" status="PASS">
          <reporter-output>
          </reporter-output>
        </test-method> <!-- tearDown -->
        <test-method is-config="true" signature="setUp(java.lang.String)[pri:0, instance:com.salesforce.test.SFDCLogin@1bd4fdd]" started-at="2022-05-18T12:04:50 CDT" name="setUp" finished-at="2022-05-18T12:05:03 CDT" duration-ms="13359" status="PASS">
          <params>
            <param index="0">
              <value>
                <![CDATA[firefox]]>
              </value>
            </param>
          </params>
          <reporter-output>
          </reporter-output>
        </test-method> <!-- setUp -->
        <test-method signature="loginErrorMessage()[pri:0, instance:com.salesforce.test.SFDCLogin@1bd4fdd]" started-at="2022-05-18T12:05:03 CDT" name="loginErrorMessage" finished-at="2022-05-18T12:05:04 CDT" duration-ms="1020" status="PASS">
          <reporter-output>
          </reporter-output>
        </test-method> <!-- loginErrorMessage -->
        <test-method is-config="true" signature="tearDown()[pri:0, instance:com.salesforce.test.SFDCLogin@1bd4fdd]" started-at="2022-05-18T12:05:04 CDT" name="tearDown" finished-at="2022-05-18T12:05:08 CDT" duration-ms="3898" status="PASS">
          <reporter-output>
          </reporter-output>
        </test-method> <!-- tearDown -->
        <test-method is-config="true" signature="setUp(java.lang.String)[pri:0, instance:com.salesforce.test.SFDCLogin@1bd4fdd]" started-at="2022-05-18T12:05:08 CDT" name="setUp" finished-at="2022-05-18T12:05:17 CDT" duration-ms="8875" status="PASS">
          <params>
            <param index="0">
              <value>
                <![CDATA[firefox]]>
              </value>
            </param>
          </params>
          <reporter-output>
          </reporter-output>
        </test-method> <!-- setUp -->
        <test-method signature="loginToSFDC()[pri:0, instance:com.salesforce.test.SFDCLogin@1bd4fdd]" started-at="2022-05-18T12:05:17 CDT" name="loginToSFDC" finished-at="2022-05-18T12:05:20 CDT" duration-ms="3253" status="PASS">
          <reporter-output>
          </reporter-output>
        </test-method> <!-- loginToSFDC -->
        <test-method is-config="true" signature="tearDown()[pri:0, instance:com.salesforce.test.SFDCLogin@1bd4fdd]" started-at="2022-05-18T12:05:20 CDT" name="tearDown" finished-at="2022-05-18T12:05:24 CDT" duration-ms="3435" status="PASS">
          <reporter-output>
          </reporter-output>
        </test-method> <!-- tearDown -->
        <test-method is-config="true" signature="finalTestTearDown()[pri:0, instance:com.salesforce.test.SFDCLogin@1bd4fdd]" started-at="2022-05-18T12:05:24 CDT" name="finalTestTearDown" finished-at="2022-05-18T12:05:24 CDT" duration-ms="1" status="PASS">
          <reporter-output>
          </reporter-output>
        </test-method> <!-- finalTestTearDown -->
      </class> <!-- com.salesforce.test.SFDCLogin -->
    </test> <!-- regression2 -->
  </suite> <!-- Suite -->
</testng-results>
